<?xml version="1.0" encoding="UTF-8"?>
<!-- Generated by org.testng.reporters.JUnitReportReporter -->
<testsuite name="com.hrm.scripts.CreateEmployee" tests="1" time="106.068" ignored="0" failures="0" timestamp="15 Feb 2017 13:00:51 GMT" skipped="0" hostname="Nirmal_Saxena" errors="0">
  <testcase name="testCreateEmployee" time="106.068" classname="com.hrm.scripts.CreateEmployee"/>
</testsuite> <!-- com.hrm.scripts.CreateEmployee -->
